[1.453s] Invoking command in '/home/fedir/ROB/src/autonomous_navigation': DEBUGINFOD_URLS=https://debuginfod.ubuntu.com PYTHONPATH=/home/fedir/ROB/build/autonomous_navigation/prefix_override:/usr/lib/python3/dist-packages/colcon_core/task/python/colcon_distutils_commands:/home/fedir/ROB/install/autonomous_navigation/lib/python3.12/site-packages:${PYTHONPATH} /usr/bin/python3 -W ignore:setup.py install is deprecated -W ignore:easy_install command is deprecated setup.py egg_info --egg-base ../../build/autonomous_navigation build --build-base /home/fedir/ROB/build/autonomous_navigation/build install --record /home/fedir/ROB/build/autonomous_navigation/install.log --single-version-externally-managed install_data
[1.732s] running egg_info
[1.733s] creating ../../build/autonomous_navigation/autonomous_navigation.egg-info
[1.768s] writing ../../build/autonomous_navigation/autonomous_navigation.egg-info/PKG-INFO
[1.769s] writing dependency_links to ../../build/autonomous_navigation/autonomous_navigation.egg-info/dependency_links.txt
[1.770s] writing entry points to ../../build/autonomous_navigation/autonomous_navigation.egg-info/entry_points.txt
[1.770s] writing requirements to ../../build/autonomous_navigation/autonomous_navigation.egg-info/requires.txt
[1.770s] writing top-level names to ../../build/autonomous_navigation/autonomous_navigation.egg-info/top_level.txt
[1.771s] writing manifest file '../../build/autonomous_navigation/autonomous_navigation.egg-info/SOURCES.txt'
[1.825s] reading manifest file '../../build/autonomous_navigation/autonomous_navigation.egg-info/SOURCES.txt'
[1.826s] writing manifest file '../../build/autonomous_navigation/autonomous_navigation.egg-info/SOURCES.txt'
[1.826s] running build
[1.827s] running build_py
[1.827s] creating /home/fedir/ROB/build/autonomous_navigation/build
[1.828s] creating /home/fedir/ROB/build/autonomous_navigation/build/lib
[1.828s] creating /home/fedir/ROB/build/autonomous_navigation/build/lib/autonomous_navigation
[1.829s] copying ./route_manager.py -> /home/fedir/ROB/build/autonomous_navigation/build/lib/autonomous_navigation
[1.829s] copying ./__init__.py -> /home/fedir/ROB/build/autonomous_navigation/build/lib/autonomous_navigation
[1.829s] copying ./main_node.py -> /home/fedir/ROB/build/autonomous_navigation/build/lib/autonomous_navigation
[1.830s] copying ./telemetry.py -> /home/fedir/ROB/build/autonomous_navigation/build/lib/autonomous_navigation
[1.830s] copying ./config.py -> /home/fedir/ROB/build/autonomous_navigation/build/lib/autonomous_navigation
[1.831s] copying ./local_planner.py -> /home/fedir/ROB/build/autonomous_navigation/build/lib/autonomous_navigation
[1.832s] copying ./global_planner.py -> /home/fedir/ROB/build/autonomous_navigation/build/lib/autonomous_navigation
[1.832s] copying ./pose_estimator.py -> /home/fedir/ROB/build/autonomous_navigation/build/lib/autonomous_navigation
[1.832s] copying ./map_manager.py -> /home/fedir/ROB/build/autonomous_navigation/build/lib/autonomous_navigation
[1.833s] running install
[1.841s] running install_lib
[1.859s] creating /home/fedir/ROB/install/autonomous_navigation/lib/python3.12/site-packages/autonomous_navigation
[1.860s] copying /home/fedir/ROB/build/autonomous_navigation/build/lib/autonomous_navigation/route_manager.py -> /home/fedir/ROB/install/autonomous_navigation/lib/python3.12/site-packages/autonomous_navigation
[1.860s] copying /home/fedir/ROB/build/autonomous_navigation/build/lib/autonomous_navigation/__init__.py -> /home/fedir/ROB/install/autonomous_navigation/lib/python3.12/site-packages/autonomous_navigation
[1.860s] copying /home/fedir/ROB/build/autonomous_navigation/build/lib/autonomous_navigation/main_node.py -> /home/fedir/ROB/install/autonomous_navigation/lib/python3.12/site-packages/autonomous_navigation
[1.860s] copying /home/fedir/ROB/build/autonomous_navigation/build/lib/autonomous_navigation/telemetry.py -> /home/fedir/ROB/install/autonomous_navigation/lib/python3.12/site-packages/autonomous_navigation
[1.860s] copying /home/fedir/ROB/build/autonomous_navigation/build/lib/autonomous_navigation/config.py -> /home/fedir/ROB/install/autonomous_navigation/lib/python3.12/site-packages/autonomous_navigation
[1.861s] copying /home/fedir/ROB/build/autonomous_navigation/build/lib/autonomous_navigation/local_planner.py -> /home/fedir/ROB/install/autonomous_navigation/lib/python3.12/site-packages/autonomous_navigation
[1.861s] copying /home/fedir/ROB/build/autonomous_navigation/build/lib/autonomous_navigation/global_planner.py -> /home/fedir/ROB/install/autonomous_navigation/lib/python3.12/site-packages/autonomous_navigation
[1.861s] copying /home/fedir/ROB/build/autonomous_navigation/build/lib/autonomous_navigation/pose_estimator.py -> /home/fedir/ROB/install/autonomous_navigation/lib/python3.12/site-packages/autonomous_navigation
[1.861s] copying /home/fedir/ROB/build/autonomous_navigation/build/lib/autonomous_navigation/map_manager.py -> /home/fedir/ROB/install/autonomous_navigation/lib/python3.12/site-packages/autonomous_navigation
[1.861s] byte-compiling /home/fedir/ROB/install/autonomous_navigation/lib/python3.12/site-packages/autonomous_navigation/route_manager.py to route_manager.cpython-312.pyc
[1.863s] byte-compiling /home/fedir/ROB/install/autonomous_navigation/lib/python3.12/site-packages/autonomous_navigation/__init__.py to __init__.cpython-312.pyc
[1.863s] byte-compiling /home/fedir/ROB/install/autonomous_navigation/lib/python3.12/site-packages/autonomous_navigation/main_node.py to main_node.cpython-312.pyc
[1.865s] byte-compiling /home/fedir/ROB/install/autonomous_navigation/lib/python3.12/site-packages/autonomous_navigation/telemetry.py to telemetry.cpython-312.pyc
[1.867s] byte-compiling /home/fedir/ROB/install/autonomous_navigation/lib/python3.12/site-packages/autonomous_navigation/config.py to config.cpython-312.pyc
[1.868s] byte-compiling /home/fedir/ROB/install/autonomous_navigation/lib/python3.12/site-packages/autonomous_navigation/local_planner.py to local_planner.cpython-312.pyc
[1.873s] byte-compiling /home/fedir/ROB/install/autonomous_navigation/lib/python3.12/site-packages/autonomous_navigation/global_planner.py to global_planner.cpython-312.pyc
[1.874s] byte-compiling /home/fedir/ROB/install/autonomous_navigation/lib/python3.12/site-packages/autonomous_navigation/pose_estimator.py to pose_estimator.cpython-312.pyc
[1.875s] byte-compiling /home/fedir/ROB/install/autonomous_navigation/lib/python3.12/site-packages/autonomous_navigation/map_manager.py to map_manager.cpython-312.pyc
[1.877s] running install_data
[1.877s] creating /home/fedir/ROB/install/autonomous_navigation/share/ament_index
[1.878s] creating /home/fedir/ROB/install/autonomous_navigation/share/ament_index/resource_index
[1.878s] creating /home/fedir/ROB/install/autonomous_navigation/share/ament_index/resource_index/packages
[1.878s] copying resource/autonomous_navigation -> /home/fedir/ROB/install/autonomous_navigation/share/ament_index/resource_index/packages
[1.879s] copying package.xml -> /home/fedir/ROB/install/autonomous_navigation/share/autonomous_navigation
[1.879s] running install_egg_info
[1.897s] Copying ../../build/autonomous_navigation/autonomous_navigation.egg-info to /home/fedir/ROB/install/autonomous_navigation/lib/python3.12/site-packages/autonomous_navigation-0.0.1-py3.12.egg-info
[1.898s] running install_scripts
[2.042s] Installing autonomous_navigation script to /home/fedir/ROB/install/autonomous_navigation/lib/autonomous_navigation
[2.043s] writing list of installed files to '/home/fedir/ROB/build/autonomous_navigation/install.log'
[2.080s] Invoked command in '/home/fedir/ROB/src/autonomous_navigation' returned '0': DEBUGINFOD_URLS=https://debuginfod.ubuntu.com PYTHONPATH=/home/fedir/ROB/build/autonomous_navigation/prefix_override:/usr/lib/python3/dist-packages/colcon_core/task/python/colcon_distutils_commands:/home/fedir/ROB/install/autonomous_navigation/lib/python3.12/site-packages:${PYTHONPATH} /usr/bin/python3 -W ignore:setup.py install is deprecated -W ignore:easy_install command is deprecated setup.py egg_info --egg-base ../../build/autonomous_navigation build --build-base /home/fedir/ROB/build/autonomous_navigation/build install --record /home/fedir/ROB/build/autonomous_navigation/install.log --single-version-externally-managed install_data
