/home/fedir/ROB/install/autonomous_navigation/lib/python3.12/site-packages/autonomous_navigation/route_manager.py
/home/fedir/ROB/install/autonomous_navigation/lib/python3.12/site-packages/autonomous_navigation/__init__.py
/home/fedir/ROB/install/autonomous_navigation/lib/python3.12/site-packages/autonomous_navigation/main_node.py
/home/fedir/ROB/install/autonomous_navigation/lib/python3.12/site-packages/autonomous_navigation/telemetry.py
/home/fedir/ROB/install/autonomous_navigation/lib/python3.12/site-packages/autonomous_navigation/config.py
/home/fedir/ROB/install/autonomous_navigation/lib/python3.12/site-packages/autonomous_navigation/local_planner.py
/home/fedir/ROB/install/autonomous_navigation/lib/python3.12/site-packages/autonomous_navigation/global_planner.py
/home/fedir/ROB/install/autonomous_navigation/lib/python3.12/site-packages/autonomous_navigation/pose_estimator.py
/home/fedir/ROB/install/autonomous_navigation/lib/python3.12/site-packages/autonomous_navigation/map_manager.py
/home/fedir/ROB/install/autonomous_navigation/lib/python3.12/site-packages/autonomous_navigation/__pycache__/route_manager.cpython-312.pyc
/home/fedir/ROB/install/autonomous_navigation/lib/python3.12/site-packages/autonomous_navigation/__pycache__/__init__.cpython-312.pyc
/home/fedir/ROB/install/autonomous_navigation/lib/python3.12/site-packages/autonomous_navigation/__pycache__/main_node.cpython-312.pyc
/home/fedir/ROB/install/autonomous_navigation/lib/python3.12/site-packages/autonomous_navigation/__pycache__/telemetry.cpython-312.pyc
/home/fedir/ROB/install/autonomous_navigation/lib/python3.12/site-packages/autonomous_navigation/__pycache__/config.cpython-312.pyc
/home/fedir/ROB/install/autonomous_navigation/lib/python3.12/site-packages/autonomous_navigation/__pycache__/local_planner.cpython-312.pyc
/home/fedir/ROB/install/autonomous_navigation/lib/python3.12/site-packages/autonomous_navigation/__pycache__/global_planner.cpython-312.pyc
/home/fedir/ROB/install/autonomous_navigation/lib/python3.12/site-packages/autonomous_navigation/__pycache__/pose_estimator.cpython-312.pyc
/home/fedir/ROB/install/autonomous_navigation/lib/python3.12/site-packages/autonomous_navigation/__pycache__/map_manager.cpython-312.pyc
/home/fedir/ROB/install/autonomous_navigation/share/ament_index/resource_index/packages/autonomous_navigation
/home/fedir/ROB/install/autonomous_navigation/share/autonomous_navigation/package.xml
/home/fedir/ROB/install/autonomous_navigation/lib/python3.12/site-packages/autonomous_navigation-0.0.1-py3.12.egg-info/SOURCES.txt
/home/fedir/ROB/install/autonomous_navigation/lib/python3.12/site-packages/autonomous_navigation-0.0.1-py3.12.egg-info/dependency_links.txt
/home/fedir/ROB/install/autonomous_navigation/lib/python3.12/site-packages/autonomous_navigation-0.0.1-py3.12.egg-info/requires.txt
/home/fedir/ROB/install/autonomous_navigation/lib/python3.12/site-packages/autonomous_navigation-0.0.1-py3.12.egg-info/entry_points.txt
/home/fedir/ROB/install/autonomous_navigation/lib/python3.12/site-packages/autonomous_navigation-0.0.1-py3.12.egg-info/zip-safe
/home/fedir/ROB/install/autonomous_navigation/lib/python3.12/site-packages/autonomous_navigation-0.0.1-py3.12.egg-info/top_level.txt
/home/fedir/ROB/install/autonomous_navigation/lib/python3.12/site-packages/autonomous_navigation-0.0.1-py3.12.egg-info/PKG-INFO
/home/fedir/ROB/install/autonomous_navigation/lib/autonomous_navigation/autonomous_navigation
